Using pre-set license
Built from '2020.2/release' branch; Version is '2020.2.2f1 (068178b99f32) revision 426360'; Using compiler version '192528614'; Build Type 'Release'
OS: 'Windows 10 Home; OS build 19042.985; Version 2009; 64bit' Language: 'en' Physical Memory: 65467 MB
BatchMode: 1, IsHumanControllingUs: 0, StartBugReporterOnCrash: 0, Is64bit: 1, IsPro: 0

 COMMAND LINE ARGUMENTS:
C:\Program Files\2020.2.2f1\Editor\Unity.exe
-adb2
-batchMode
-noUpm
-name
AssetImportWorker1
-projectPath
C:/_Unity/Yacht-VR
-logFile
Logs/AssetImportWorker1.log
-srvPort
59088
Successfully changed project path to: C:/_Unity/Yacht-VR
C:/_Unity/Yacht-VR
Using Asset Import Pipeline V2.
Refreshing native plugins compatible for Editor in 105.11 ms, found 7 plugins.
Preloading 1 native plugins for Editor in 0.58 ms.
Initialize engine version: 2020.2.2f1 (068178b99f32)
[Subsystems] Discovering subsystems at path C:/Program Files/2020.2.2f1/Editor/Data/Resources/UnitySubsystems
[Subsystems] Discovering subsystems at path C:/_Unity/Yacht-VR/Assets
GfxDevice: creating device client; threaded=0
Direct3D:
    Version:  Direct3D 11.0 [level 11.1]
    Renderer: NVIDIA GeForce RTX 2080 Ti (ID=0x1e07)
    Vendor:   
    VRAM:     11048 MB
    Driver:   27.21.14.5671
Shader 'Oculus/OVRMRCameraFrameLit': fallback shader 'Alpha-Diffuse' not found
Initialize mono
Mono path[0] = 'C:/Program Files/2020.2.2f1/Editor/Data/Managed'
Mono path[1] = 'C:/Program Files/2020.2.2f1/Editor/Data/MonoBleedingEdge/lib/mono/unityjit'
Mono config path = 'C:/Program Files/2020.2.2f1/Editor/Data/MonoBleedingEdge/etc'
Using monoOptions --debugger-agent=transport=dt_socket,embedding=1,server=y,suspend=n,address=127.0.0.1:56108
Begin MonoManager ReloadAssembly
Registering precompiled unity dll's ...
Register platform support module: C:/Program Files/2020.2.2f1/Editor/Data/PlaybackEngines/WebGLSupport/UnityEditor.WebGL.Extensions.dll
Register platform support module: C:/Program Files/2020.2.2f1/Editor/Data/PlaybackEngines/WindowsStandaloneSupport/UnityEditor.WindowsStandalone.Extensions.dll
Registered in 0.001588 seconds.
Native extension for WindowsStandalone target not found
Native extension for WebGL target not found
Refreshing native plugins compatible for Editor in 92.93 ms, found 7 plugins.
Preloading 1 native plugins for Editor in 0.05 ms.
Invoked RoslynAnalysisRunner static constructor.
RoslynAnalysisRunner will not be running.
RoslynAnalysisRunner has terminated.
Mono: successfully reloaded assembly
- Completed reload, in  1.284 seconds
Platform modules already initialized, skipping
Registering precompiled user dll's ...
Registered in 0.004304 seconds.
Begin MonoManager ReloadAssembly
Symbol file LoadedFromMemory is not a mono symbol file
Native extension for WindowsStandalone target not found
Native extension for WebGL target not found
Refreshing native plugins compatible for Editor in 100.46 ms, found 7 plugins.
Preloading 1 native plugins for Editor in 0.06 ms.
Invoked RoslynAnalysisRunner static constructor.
RoslynAnalysisRunner will not be running.
RoslynAnalysisRunner has terminated.
[XR] OculusXRPlugin: registering subsystems
[XR] Unable to register display lifecyle provider: [1]
[XR] Oculus Input lifecycle provider registered.
[XR] Unable to register input lifecyle provider: [1]
[XR] OVRP version 1.52.0
Mono: successfully reloaded assembly
- Completed reload, in  1.877 seconds
Platform modules already initialized, skipping
========================================================================
Worker process is ready to serve import requests
Shader 'Oculus/OVRMRCameraFrameLit': fallback shader 'Alpha-Diffuse' not found
Launched and connected shader compiler UnityShaderCompiler.exe after 0.05 seconds
Refreshing native plugins compatible for Editor in 1.30 ms, found 7 plugins.
Preloading 1 native plugins for Editor in 0.06 ms.
Unloading 5067 Unused Serialized files (Serialized files now loaded: 0)
System memory in use before: 245.9 MB.
System memory in use after: 243.9 MB.

Unloading 95 unused Assets to reduce memory usage. Loaded Objects now: 5465.
Total: 4.681100 ms (FindLiveObjects: 0.468700 ms CreateObjectMapping: 0.327100 ms MarkObjects: 2.325600 ms  DeleteObjects: 1.558900 ms)

========================================================================
Received Import Request.
  path: Assets/__Scenes/PershingLowerDeck
  artifactKey: Guid(083432c53a92e7947bfafb96a5dda1a5) Importer(815301076,1909f56bfc062723c751e8b465ee728b)
Start importing Assets/__Scenes/PershingLowerDeck using Guid(083432c53a92e7947bfafb96a5dda1a5) Importer(815301076,1909f56bfc062723c751e8b465ee728b)  -> (artifact id: 'a60cb0f12b07deb32ab9bd56653ef6f0') in 0.010157 seconds
  Import took 0.016691 seconds .

========================================================================
Received Import Request.
  Time since last request: 4714.718451 seconds.
  path: Assets/Yacht Model/Reference Images/lower with crew.jpg
  artifactKey: Guid(d95dd458e51a467408b42096bc7c7e3c) Importer(815301076,1909f56bfc062723c751e8b465ee728b)
Start importing Assets/Yacht Model/Reference Images/lower with crew.jpg using Guid(d95dd458e51a467408b42096bc7c7e3c) Importer(815301076,1909f56bfc062723c751e8b465ee728b)  -> (artifact id: 'baa1afc5931313a3e07fa34a26628129') in 0.063158 seconds
  Import took 0.070586 seconds .

========================================================================
Received Import Request.
  Time since last request: 1218.747764 seconds.
  path: Assets/Yacht Model/Lower Deck shell
  artifactKey: Guid(20475d9c81f7c764ba591728a19dcc18) Importer(815301076,1909f56bfc062723c751e8b465ee728b)
Start importing Assets/Yacht Model/Lower Deck shell using Guid(20475d9c81f7c764ba591728a19dcc18) Importer(815301076,1909f56bfc062723c751e8b465ee728b)  -> (artifact id: 'd30abe2a17165a728b2c250823af6ea8') in 0.005948 seconds
  Import took 0.014219 seconds .

========================================================================
Received Import Request.
  Time since last request: 0.000570 seconds.
  path: Assets/Yacht Model/Lower Deck shell
  artifactKey: Guid(20475d9c81f7c764ba591728a19dcc18) Importer(815301076,1909f56bfc062723c751e8b465ee728b)
Start importing Assets/Yacht Model/Lower Deck shell using Guid(20475d9c81f7c764ba591728a19dcc18) Importer(815301076,1909f56bfc062723c751e8b465ee728b)  -> (artifact id: 'd30abe2a17165a728b2c250823af6ea8') in 0.001706 seconds
  Import took 0.008791 seconds .

========================================================================
Received Import Request.
  Time since last request: 24.628264 seconds.
  path: Assets/Yacht Model/Lower Deck shell/Pershing 8X Variant.prefab
  artifactKey: Guid(f84e985c8fc7b7745a66350b8379bfbc) Importer(815301076,1909f56bfc062723c751e8b465ee728b)
Start importing Assets/Yacht Model/Lower Deck shell/Pershing 8X Variant.prefab using Guid(f84e985c8fc7b7745a66350b8379bfbc) Importer(815301076,1909f56bfc062723c751e8b465ee728b)  -> (artifact id: '5be0297d8812bc5a8836e443149df357') in 0.657856 seconds
  Import took 0.669129 seconds .

========================================================================
Received Import Request.
  Time since last request: 27.993031 seconds.
  path: Assets/Yacht Model/Lower Deck shell/Pershing 8X.prefab
  artifactKey: Guid(c0d7a7fde73821749930c63e8470a40a) Importer(815301076,1909f56bfc062723c751e8b465ee728b)
Start importing Assets/Yacht Model/Lower Deck shell/Pershing 8X.prefab using Guid(c0d7a7fde73821749930c63e8470a40a) Importer(815301076,1909f56bfc062723c751e8b465ee728b)  -> (artifact id: '8128784edcf9b03ff974c3b61ddbdeb3') in 0.076134 seconds
  Import took 0.086093 seconds .

========================================================================
Received Import Request.
  Time since last request: 35.534499 seconds.
  path: Assets/Yacht Model/Lower Deck shell/Pershing 8X.prefab
  artifactKey: Guid(c0d7a7fde73821749930c63e8470a40a) Importer(815301076,1909f56bfc062723c751e8b465ee728b)
Start importing Assets/Yacht Model/Lower Deck shell/Pershing 8X.prefab using Guid(c0d7a7fde73821749930c63e8470a40a) Importer(815301076,1909f56bfc062723c751e8b465ee728b)  -> (artifact id: 'e415b7a1fe4252645ed1f80e89103bc4') in 0.062852 seconds
  Import took 0.072647 seconds .

========================================================================
Received Import Request.
  Time since last request: 4.867177 seconds.
  path: Assets/Yacht Model/Lower Deck shell/Shell.prefab
  artifactKey: Guid(c0d7a7fde73821749930c63e8470a40a) Importer(815301076,1909f56bfc062723c751e8b465ee728b)
Start importing Assets/Yacht Model/Lower Deck shell/Shell.prefab using Guid(c0d7a7fde73821749930c63e8470a40a) Importer(815301076,1909f56bfc062723c751e8b465ee728b)  -> (artifact id: '46382c028375af49a10dd150ae429d8b') in 0.058631 seconds
  Import took 0.068646 seconds .

========================================================================
Received Prepare
Registering precompiled user dll's ...
Registered in 0.004819 seconds.
Begin MonoManager ReloadAssembly
Symbol file LoadedFromMemory is not a mono symbol file
Native extension for WindowsStandalone target not found
Native extension for WebGL target not found
Refreshing native plugins compatible for Editor in 1.32 ms, found 7 plugins.
Preloading 1 native plugins for Editor in 0.07 ms.
Invoked RoslynAnalysisRunner static constructor.
RoslynAnalysisRunner will not be running.
RoslynAnalysisRunner has terminated.
Mono: successfully reloaded assembly
- Completed reload, in  1.149 seconds
Platform modules already initialized, skipping
Shader 'Oculus/OVRMRCameraFrameLit': fallback shader 'Alpha-Diffuse' not found
Refreshing native plugins compatible for Editor in 1.28 ms, found 7 plugins.
Preloading 1 native plugins for Editor in 0.05 ms.
Unloading 4716 Unused Serialized files (Serialized files now loaded: 0)
System memory in use before: 239.6 MB.
System memory in use after: 237.7 MB.

Unloading 87 unused Assets to reduce memory usage. Loaded Objects now: 5605.
Total: 4.745700 ms (FindLiveObjects: 0.513500 ms CreateObjectMapping: 0.345000 ms MarkObjects: 2.268800 ms  DeleteObjects: 1.617400 ms)

========================================================================
Received Import Request.
  Time since last request: 3222.119308 seconds.
  path: Assets/__Scenes/PershingLowerDeck/Materials
  artifactKey: Guid(2cebb06e1f858a8489ef7146a8b0a075) Importer(815301076,1909f56bfc062723c751e8b465ee728b)
Start importing Assets/__Scenes/PershingLowerDeck/Materials using Guid(2cebb06e1f858a8489ef7146a8b0a075) Importer(815301076,1909f56bfc062723c751e8b465ee728b)  -> (artifact id: '277beb2918abf17359d223a60c53995f') in 0.012240 seconds
  Import took 0.020599 seconds .

========================================================================
Received Prepare
Registering precompiled user dll's ...
Registered in 0.004588 seconds.
Begin MonoManager ReloadAssembly
Symbol file LoadedFromMemory is not a mono symbol file
Native extension for WindowsStandalone target not found
Native extension for WebGL target not found
Refreshing native plugins compatible for Editor in 1.27 ms, found 7 plugins.
Preloading 1 native plugins for Editor in 0.06 ms.
Invoked RoslynAnalysisRunner static constructor.
RoslynAnalysisRunner will not be running.
RoslynAnalysisRunner has terminated.
Mono: successfully reloaded assembly
- Completed reload, in  1.050 seconds
Platform modules already initialized, skipping
Shader 'Oculus/OVRMRCameraFrameLit': fallback shader 'Alpha-Diffuse' not found
Refreshing native plugins compatible for Editor in 1.30 ms, found 7 plugins.
Preloading 1 native plugins for Editor in 0.06 ms.
Unloading 4703 Unused Serialized files (Serialized files now loaded: 0)
System memory in use before: 239.2 MB.
System memory in use after: 237.2 MB.

Unloading 87 unused Assets to reduce memory usage. Loaded Objects now: 5608.
Total: 5.843600 ms (FindLiveObjects: 0.641900 ms CreateObjectMapping: 0.415800 ms MarkObjects: 2.894200 ms  DeleteObjects: 1.890000 ms)

========================================================================
Received Prepare
Registering precompiled user dll's ...
Registered in 0.004988 seconds.
Begin MonoManager ReloadAssembly
Symbol file LoadedFromMemory is not a mono symbol file
Native extension for WindowsStandalone target not found
Native extension for WebGL target not found
Refreshing native plugins compatible for Editor in 1.34 ms, found 7 plugins.
Preloading 1 native plugins for Editor in 0.06 ms.
Invoked RoslynAnalysisRunner static constructor.
RoslynAnalysisRunner will not be running.
RoslynAnalysisRunner has terminated.
Mono: successfully reloaded assembly
- Completed reload, in  1.048 seconds
Platform modules already initialized, skipping
Shader 'Oculus/OVRMRCameraFrameLit': fallback shader 'Alpha-Diffuse' not found
Refreshing native plugins compatible for Editor in 1.45 ms, found 7 plugins.
Preloading 1 native plugins for Editor in 0.06 ms.
Unloading 4703 Unused Serialized files (Serialized files now loaded: 0)
System memory in use before: 239.2 MB.
System memory in use after: 237.2 MB.

Unloading 87 unused Assets to reduce memory usage. Loaded Objects now: 5611.
Total: 5.807000 ms (FindLiveObjects: 0.609800 ms CreateObjectMapping: 0.532100 ms MarkObjects: 2.800100 ms  DeleteObjects: 1.864000 ms)

========================================================================
Received Prepare
Registering precompiled user dll's ...
Registered in 0.004688 seconds.
Begin MonoManager ReloadAssembly
Symbol file LoadedFromMemory is not a mono symbol file
Native extension for WindowsStandalone target not found
Native extension for WebGL target not found
Refreshing native plugins compatible for Editor in 1.47 ms, found 7 plugins.
Preloading 1 native plugins for Editor in 0.08 ms.
Invoked RoslynAnalysisRunner static constructor.
RoslynAnalysisRunner will not be running.
RoslynAnalysisRunner has terminated.
Mono: successfully reloaded assembly
- Completed reload, in  1.064 seconds
Platform modules already initialized, skipping
Shader 'Oculus/OVRMRCameraFrameLit': fallback shader 'Alpha-Diffuse' not found
Refreshing native plugins compatible for Editor in 1.41 ms, found 7 plugins.
Preloading 1 native plugins for Editor in 0.08 ms.
Unloading 4703 Unused Serialized files (Serialized files now loaded: 0)
System memory in use before: 239.3 MB.
System memory in use after: 237.4 MB.

Unloading 87 unused Assets to reduce memory usage. Loaded Objects now: 5614.
Total: 6.878100 ms (FindLiveObjects: 0.741100 ms CreateObjectMapping: 0.703000 ms MarkObjects: 3.358700 ms  DeleteObjects: 2.047000 ms)

AssetImportWorkerClient::OnTransportError - code=2 error=End of file
