Using pre-set license
Built from '2020.2/release' branch; Version is '2020.2.2f1 (068178b99f32) revision 426360'; Using compiler version '192528614'; Build Type 'Release'
OS: 'Windows 10 Home; OS build 19042.1165; Version 2009; 64bit' Language: 'en' Physical Memory: 65467 MB
BatchMode: 1, IsHumanControllingUs: 0, StartBugReporterOnCrash: 0, Is64bit: 1, IsPro: 0

 COMMAND LINE ARGUMENTS:
C:\Program Files\2020.2.2f1\Editor\Unity.exe
-adb2
-batchMode
-noUpm
-name
AssetImportWorker2
-projectPath
C:/_Unity/Yacht-VR
-logFile
Logs/AssetImportWorker2.log
-srvPort
52037
Successfully changed project path to: C:/_Unity/Yacht-VR
C:/_Unity/Yacht-VR
Using Asset Import Pipeline V2.
Refreshing native plugins compatible for Editor in 160.82 ms, found 9 plugins.
Preloading 1 native plugins for Editor in 0.72 ms.
Initialize engine version: 2020.2.2f1 (068178b99f32)
[Subsystems] Discovering subsystems at path C:/Program Files/2020.2.2f1/Editor/Data/Resources/UnitySubsystems
[Subsystems] Discovering subsystems at path C:/_Unity/Yacht-VR/Assets
GfxDevice: creating device client; threaded=0
Direct3D:
    Version:  Direct3D 11.0 [level 11.1]
    Renderer: NVIDIA GeForce RTX 2080 Ti (ID=0x1e07)
    Vendor:   
    VRAM:     11048 MB
    Driver:   30.0.14.7141
Shader 'Oculus/OVRMRCameraFrameLit': fallback shader 'Alpha-Diffuse' not found
Initialize mono
Mono path[0] = 'C:/Program Files/2020.2.2f1/Editor/Data/Managed'
Mono path[1] = 'C:/Program Files/2020.2.2f1/Editor/Data/MonoBleedingEdge/lib/mono/unityjit'
Mono config path = 'C:/Program Files/2020.2.2f1/Editor/Data/MonoBleedingEdge/etc'
Using monoOptions --debugger-agent=transport=dt_socket,embedding=1,server=y,suspend=n,address=127.0.0.1:56464
Begin MonoManager ReloadAssembly
Registering precompiled unity dll's ...
Register platform support module: C:/Program Files/2020.2.2f1/Editor/Data/PlaybackEngines/WebGLSupport/UnityEditor.WebGL.Extensions.dll
Register platform support module: C:/Program Files/2020.2.2f1/Editor/Data/PlaybackEngines/WindowsStandaloneSupport/UnityEditor.WindowsStandalone.Extensions.dll
Registered in 0.001647 seconds.
Native extension for WindowsStandalone target not found
Native extension for WebGL target not found
Refreshing native plugins compatible for Editor in 143.94 ms, found 9 plugins.
Preloading 1 native plugins for Editor in 0.06 ms.
Invoked RoslynAnalysisRunner static constructor.
RoslynAnalysisRunner will not be running.
RoslynAnalysisRunner has terminated.
Mono: successfully reloaded assembly
- Completed reload, in  2.616 seconds
Platform modules already initialized, skipping
Registering precompiled user dll's ...
Registered in 0.221270 seconds.
Begin MonoManager ReloadAssembly
Symbol file LoadedFromMemory is not a mono symbol file
Native extension for WindowsStandalone target not found
Native extension for WebGL target not found
Refreshing native plugins compatible for Editor in 160.97 ms, found 9 plugins.
Preloading 1 native plugins for Editor in 0.08 ms.
Invoked RoslynAnalysisRunner static constructor.
RoslynAnalysisRunner will not be running.
RoslynAnalysisRunner has terminated.
[XR] OculusXRPlugin: registering subsystems
[XR] Unable to register display lifecyle provider: [1]
[XR] Oculus Input lifecycle provider registered.
[XR] Unable to register input lifecyle provider: [1]
[XR] OVRP version 1.52.0
Mono: successfully reloaded assembly
- Completed reload, in  2.292 seconds
Platform modules already initialized, skipping
========================================================================
Worker process is ready to serve import requests
Shader 'Oculus/OVRMRCameraFrameLit': fallback shader 'Alpha-Diffuse' not found
Launched and connected shader compiler UnityShaderCompiler.exe after 0.09 seconds
Refreshing native plugins compatible for Editor in 2.24 ms, found 9 plugins.
Preloading 1 native plugins for Editor in 0.09 ms.
Unloading 5223 Unused Serialized files (Serialized files now loaded: 0)
System memory in use before: 299.1 MB.
System memory in use after: 297.2 MB.

Unloading 92 unused Assets to reduce memory usage. Loaded Objects now: 5663.
Total: 5.322700 ms (FindLiveObjects: 0.616900 ms CreateObjectMapping: 0.410500 ms MarkObjects: 2.583600 ms  DeleteObjects: 1.710600 ms)

========================================================================
Received Import Request.
  path: Assets/_JS_XR_CoreComponents/360 Capture/360 Camera.prefab
  artifactKey: Guid(6f5d7ace4dcfd044b94b2d385cc8c365) Importer(815301076,1909f56bfc062723c751e8b465ee728b)
Start importing Assets/_JS_XR_CoreComponents/360 Capture/360 Camera.prefab using Guid(6f5d7ace4dcfd044b94b2d385cc8c365) Importer(815301076,1909f56bfc062723c751e8b465ee728b)  -> (artifact id: '8d88847c5c105f6a35c203b720296147') in 0.055769 seconds
  Import took 0.064512 seconds .

========================================================================
Received Prepare
Shader 'Oculus/OVRMRCameraFrameLit': fallback shader 'Alpha-Diffuse' not found
Refreshing native plugins compatible for Editor in 30.69 ms, found 9 plugins.
Preloading 1 native plugins for Editor in 0.11 ms.
Unloading 82 Unused Serialized files (Serialized files now loaded: 0)
System memory in use before: 185.6 MB.
System memory in use after: 183.7 MB.

Unloading 82 unused Assets to reduce memory usage. Loaded Objects now: 5663.
Total: 14.630100 ms (FindLiveObjects: 1.955800 ms CreateObjectMapping: 1.162800 ms MarkObjects: 5.579500 ms  DeleteObjects: 5.930000 ms)

========================================================================
Received Prepare
Registering precompiled user dll's ...
Registered in 0.006083 seconds.
Begin MonoManager ReloadAssembly
Symbol file LoadedFromMemory is not a mono symbol file
Native extension for WindowsStandalone target not found
Native extension for WebGL target not found
Refreshing native plugins compatible for Editor in 1.95 ms, found 9 plugins.
Preloading 1 native plugins for Editor in 0.10 ms.
Invoked RoslynAnalysisRunner static constructor.
RoslynAnalysisRunner will not be running.
RoslynAnalysisRunner has terminated.
Mono: successfully reloaded assembly
- Completed reload, in  1.081 seconds
Platform modules already initialized, skipping
Shader 'Oculus/OVRMRCameraFrameLit': fallback shader 'Alpha-Diffuse' not found
Refreshing native plugins compatible for Editor in 1.93 ms, found 9 plugins.
Preloading 1 native plugins for Editor in 0.09 ms.
Unloading 4829 Unused Serialized files (Serialized files now loaded: 0)
System memory in use before: 279.2 MB.
System memory in use after: 277.3 MB.

Unloading 85 unused Assets to reduce memory usage. Loaded Objects now: 5666.
Total: 5.150600 ms (FindLiveObjects: 0.501400 ms CreateObjectMapping: 0.306500 ms MarkObjects: 2.662700 ms  DeleteObjects: 1.678800 ms)

========================================================================
Received Prepare
Registering precompiled user dll's ...
Registered in 0.006266 seconds.
Begin MonoManager ReloadAssembly
Symbol file LoadedFromMemory is not a mono symbol file
Native extension for WindowsStandalone target not found
Native extension for WebGL target not found
Refreshing native plugins compatible for Editor in 1.76 ms, found 9 plugins.
Preloading 1 native plugins for Editor in 0.08 ms.
Invoked RoslynAnalysisRunner static constructor.
RoslynAnalysisRunner will not be running.
RoslynAnalysisRunner has terminated.
Mono: successfully reloaded assembly
- Completed reload, in  1.068 seconds
Platform modules already initialized, skipping
Shader 'Oculus/OVRMRCameraFrameLit': fallback shader 'Alpha-Diffuse' not found
Refreshing native plugins compatible for Editor in 2.03 ms, found 9 plugins.
Preloading 1 native plugins for Editor in 0.06 ms.
Unloading 4829 Unused Serialized files (Serialized files now loaded: 0)
System memory in use before: 279.3 MB.
System memory in use after: 277.4 MB.

Unloading 85 unused Assets to reduce memory usage. Loaded Objects now: 5669.
Total: 5.039900 ms (FindLiveObjects: 0.561100 ms CreateObjectMapping: 0.376700 ms MarkObjects: 2.404000 ms  DeleteObjects: 1.697100 ms)

========================================================================
Received Prepare
Registering precompiled user dll's ...
Registered in 0.006405 seconds.
Begin MonoManager ReloadAssembly
Symbol file LoadedFromMemory is not a mono symbol file
Native extension for WindowsStandalone target not found
Native extension for WebGL target not found
Refreshing native plugins compatible for Editor in 1.87 ms, found 9 plugins.
Preloading 1 native plugins for Editor in 0.10 ms.
Invoked RoslynAnalysisRunner static constructor.
RoslynAnalysisRunner will not be running.
RoslynAnalysisRunner has terminated.
Mono: successfully reloaded assembly
- Completed reload, in  1.094 seconds
Platform modules already initialized, skipping
Shader 'Oculus/OVRMRCameraFrameLit': fallback shader 'Alpha-Diffuse' not found
Refreshing native plugins compatible for Editor in 2.22 ms, found 9 plugins.
Preloading 1 native plugins for Editor in 0.06 ms.
Unloading 4829 Unused Serialized files (Serialized files now loaded: 0)
System memory in use before: 279.3 MB.
System memory in use after: 277.5 MB.

Unloading 85 unused Assets to reduce memory usage. Loaded Objects now: 5672.
Total: 6.090500 ms (FindLiveObjects: 0.682200 ms CreateObjectMapping: 0.412100 ms MarkObjects: 3.024400 ms  DeleteObjects: 1.969400 ms)

========================================================================
Received Prepare
Registering precompiled user dll's ...
Registered in 0.006124 seconds.
Begin MonoManager ReloadAssembly
Symbol file LoadedFromMemory is not a mono symbol file
Native extension for WindowsStandalone target not found
Native extension for WebGL target not found
Refreshing native plugins compatible for Editor in 1.90 ms, found 9 plugins.
Preloading 1 native plugins for Editor in 0.11 ms.
Invoked RoslynAnalysisRunner static constructor.
RoslynAnalysisRunner will not be running.
RoslynAnalysisRunner has terminated.
Mono: successfully reloaded assembly
- Completed reload, in  1.086 seconds
Platform modules already initialized, skipping
Shader 'Oculus/OVRMRCameraFrameLit': fallback shader 'Alpha-Diffuse' not found
Refreshing native plugins compatible for Editor in 2.26 ms, found 9 plugins.
Preloading 1 native plugins for Editor in 0.08 ms.
Unloading 4829 Unused Serialized files (Serialized files now loaded: 0)
System memory in use before: 279.4 MB.
System memory in use after: 277.6 MB.

Unloading 85 unused Assets to reduce memory usage. Loaded Objects now: 5675.
Total: 5.471900 ms (FindLiveObjects: 0.554600 ms CreateObjectMapping: 0.326600 ms MarkObjects: 2.743900 ms  DeleteObjects: 1.845300 ms)

========================================================================
Received Prepare
Registering precompiled user dll's ...
Registered in 0.005524 seconds.
Begin MonoManager ReloadAssembly
Symbol file LoadedFromMemory is not a mono symbol file
Native extension for WindowsStandalone target not found
Native extension for WebGL target not found
Refreshing native plugins compatible for Editor in 1.73 ms, found 9 plugins.
Preloading 1 native plugins for Editor in 0.07 ms.
Invoked RoslynAnalysisRunner static constructor.
RoslynAnalysisRunner will not be running.
RoslynAnalysisRunner has terminated.
Mono: successfully reloaded assembly
- Completed reload, in  0.984 seconds
Platform modules already initialized, skipping
Shader 'Oculus/OVRMRCameraFrameLit': fallback shader 'Alpha-Diffuse' not found
Refreshing native plugins compatible for Editor in 1.71 ms, found 9 plugins.
Preloading 1 native plugins for Editor in 0.05 ms.
Unloading 4829 Unused Serialized files (Serialized files now loaded: 0)
System memory in use before: 279.3 MB.
System memory in use after: 277.4 MB.

Unloading 85 unused Assets to reduce memory usage. Loaded Objects now: 5678.
Total: 4.927300 ms (FindLiveObjects: 0.517600 ms CreateObjectMapping: 0.333400 ms MarkObjects: 2.229700 ms  DeleteObjects: 1.845500 ms)

========================================================================
Received Import Request.
  Time since last request: 11329.995015 seconds.
  path: Assets/__Scenes/LoginScene/LoginScene.unity
  artifactKey: Guid(b3049d4882a276f4dbae81c84962e9ed) Importer(815301076,1909f56bfc062723c751e8b465ee728b)
Start importing Assets/__Scenes/LoginScene/LoginScene.unity using Guid(b3049d4882a276f4dbae81c84962e9ed) Importer(815301076,1909f56bfc062723c751e8b465ee728b)  -> (artifact id: '00698502108bb8c4912f008e6e551700') in 0.020314 seconds
  Import took 0.030174 seconds .

========================================================================
Received Prepare
Registering precompiled user dll's ...
Registered in 0.005842 seconds.
Begin MonoManager ReloadAssembly
Symbol file LoadedFromMemory is not a mono symbol file
Native extension for WindowsStandalone target not found
Native extension for WebGL target not found
Refreshing native plugins compatible for Editor in 2.11 ms, found 9 plugins.
Preloading 1 native plugins for Editor in 0.10 ms.
Invoked RoslynAnalysisRunner static constructor.
RoslynAnalysisRunner will not be running.
RoslynAnalysisRunner has terminated.
Mono: successfully reloaded assembly
- Completed reload, in  1.110 seconds
Platform modules already initialized, skipping
Shader 'Oculus/OVRMRCameraFrameLit': fallback shader 'Alpha-Diffuse' not found
Refreshing native plugins compatible for Editor in 1.87 ms, found 9 plugins.
Preloading 1 native plugins for Editor in 0.07 ms.
Unloading 4829 Unused Serialized files (Serialized files now loaded: 0)
System memory in use before: 279.5 MB.
System memory in use after: 277.6 MB.

Unloading 85 unused Assets to reduce memory usage. Loaded Objects now: 5681.
Total: 5.632400 ms (FindLiveObjects: 0.687200 ms CreateObjectMapping: 0.397500 ms MarkObjects: 2.531400 ms  DeleteObjects: 2.014900 ms)

========================================================================
Received Import Request.
  Time since last request: 605.298494 seconds.
  path: Assets/__Scenes/HomeScene/HomeScene.unity
  artifactKey: Guid(66249e54836b48a42acadcc57da3e448) Importer(815301076,1909f56bfc062723c751e8b465ee728b)
Start importing Assets/__Scenes/HomeScene/HomeScene.unity using Guid(66249e54836b48a42acadcc57da3e448) Importer(815301076,1909f56bfc062723c751e8b465ee728b)  -> (artifact id: 'ba28ec727841d5931afa7abfe709105c') in 0.158542 seconds
  Import took 0.167796 seconds .

========================================================================
Received Import Request.
  Time since last request: 9.600800 seconds.
  path: Assets/__Scenes/LoginScene/LoginScene.unity
  artifactKey: Guid(b3049d4882a276f4dbae81c84962e9ed) Importer(815301076,1909f56bfc062723c751e8b465ee728b)
Start importing Assets/__Scenes/LoginScene/LoginScene.unity using Guid(b3049d4882a276f4dbae81c84962e9ed) Importer(815301076,1909f56bfc062723c751e8b465ee728b)  -> (artifact id: '76e7473f7acc7ec6484a2360c0129234') in 0.002381 seconds
  Import took 0.010324 seconds .

========================================================================
Received Prepare
Registering precompiled user dll's ...
Registered in 0.006537 seconds.
Begin MonoManager ReloadAssembly
Symbol file LoadedFromMemory is not a mono symbol file
Native extension for WindowsStandalone target not found
Native extension for WebGL target not found
Refreshing native plugins compatible for Editor in 2.16 ms, found 9 plugins.
Preloading 1 native plugins for Editor in 0.08 ms.
Invoked RoslynAnalysisRunner static constructor.
RoslynAnalysisRunner will not be running.
RoslynAnalysisRunner has terminated.
Mono: successfully reloaded assembly
- Completed reload, in  1.255 seconds
Platform modules already initialized, skipping
Shader 'Oculus/OVRMRCameraFrameLit': fallback shader 'Alpha-Diffuse' not found
Refreshing native plugins compatible for Editor in 1.81 ms, found 9 plugins.
Preloading 1 native plugins for Editor in 0.05 ms.
Unloading 4829 Unused Serialized files (Serialized files now loaded: 0)
System memory in use before: 279.5 MB.
System memory in use after: 277.7 MB.

Unloading 85 unused Assets to reduce memory usage. Loaded Objects now: 5684.
Total: 5.406300 ms (FindLiveObjects: 0.677200 ms CreateObjectMapping: 0.373000 ms MarkObjects: 2.451300 ms  DeleteObjects: 1.903600 ms)

========================================================================
Received Import Request.
  Time since last request: 463.625246 seconds.
  path: Assets/__Scenes/Pershing Island/Room_PershingIsland.unity
  artifactKey: Guid(a7d95ffcaffd755448932631dbed5364) Importer(815301076,1909f56bfc062723c751e8b465ee728b)
Start importing Assets/__Scenes/Pershing Island/Room_PershingIsland.unity using Guid(a7d95ffcaffd755448932631dbed5364) Importer(815301076,1909f56bfc062723c751e8b465ee728b)  -> (artifact id: '6374de6e78defddad4a69504bb0855d0') in 0.019189 seconds
  Import took 0.028362 seconds .

========================================================================
Received Import Request.
  Time since last request: 159.849927 seconds.
  path: Assets/__Scenes/Pershing Lower Deck/Room_PershingLowerDeck.unity
  artifactKey: Guid(8d67f4d27f3458747b76d2ab221713eb) Importer(815301076,1909f56bfc062723c751e8b465ee728b)
Start importing Assets/__Scenes/Pershing Lower Deck/Room_PershingLowerDeck.unity using Guid(8d67f4d27f3458747b76d2ab221713eb) Importer(815301076,1909f56bfc062723c751e8b465ee728b)  -> (artifact id: 'a932b62f79aaf034450553645b9adbcc') in 0.005778 seconds
  Import took 0.013599 seconds .

========================================================================
Received Import Request.
  Time since last request: 0.001875 seconds.
  path: Assets/__Scenes/Pershing Lower Deck/Room_PershingLowerDeck.unity
  artifactKey: Guid(8d67f4d27f3458747b76d2ab221713eb) Importer(815301076,1909f56bfc062723c751e8b465ee728b)
Start importing Assets/__Scenes/Pershing Lower Deck/Room_PershingLowerDeck.unity using Guid(8d67f4d27f3458747b76d2ab221713eb) Importer(815301076,1909f56bfc062723c751e8b465ee728b)  -> (artifact id: 'a932b62f79aaf034450553645b9adbcc') in 0.002792 seconds
  Import took 0.010459 seconds .

========================================================================
Received Prepare
Registering precompiled user dll's ...
Registered in 0.006641 seconds.
Begin MonoManager ReloadAssembly
Symbol file LoadedFromMemory is not a mono symbol file
Native extension for WindowsStandalone target not found
Native extension for WebGL target not found
Refreshing native plugins compatible for Editor in 2.04 ms, found 9 plugins.
Preloading 1 native plugins for Editor in 0.07 ms.
Invoked RoslynAnalysisRunner static constructor.
RoslynAnalysisRunner will not be running.
RoslynAnalysisRunner has terminated.
Mono: successfully reloaded assembly
- Completed reload, in  1.120 seconds
Platform modules already initialized, skipping
Shader 'Oculus/OVRMRCameraFrameLit': fallback shader 'Alpha-Diffuse' not found
Refreshing native plugins compatible for Editor in 2.46 ms, found 9 plugins.
Preloading 1 native plugins for Editor in 0.08 ms.
Unloading 4829 Unused Serialized files (Serialized files now loaded: 0)
System memory in use before: 279.5 MB.
System memory in use after: 277.7 MB.

Unloading 85 unused Assets to reduce memory usage. Loaded Objects now: 5687.
Total: 6.611700 ms (FindLiveObjects: 0.762000 ms CreateObjectMapping: 0.384300 ms MarkObjects: 3.229300 ms  DeleteObjects: 2.233900 ms)

========================================================================
Received Prepare
Registering precompiled user dll's ...
Registered in 0.007031 seconds.
Begin MonoManager ReloadAssembly
Symbol file LoadedFromMemory is not a mono symbol file
Native extension for WindowsStandalone target not found
Native extension for WebGL target not found
Refreshing native plugins compatible for Editor in 3.05 ms, found 9 plugins.
Preloading 1 native plugins for Editor in 0.10 ms.
Invoked RoslynAnalysisRunner static constructor.
RoslynAnalysisRunner will not be running.
RoslynAnalysisRunner has terminated.
Mono: successfully reloaded assembly
- Completed reload, in  1.372 seconds
Platform modules already initialized, skipping
Shader 'Oculus/OVRMRCameraFrameLit': fallback shader 'Alpha-Diffuse' not found
Refreshing native plugins compatible for Editor in 1.72 ms, found 9 plugins.
Preloading 1 native plugins for Editor in 0.05 ms.
Unloading 4829 Unused Serialized files (Serialized files now loaded: 0)
System memory in use before: 279.6 MB.
System memory in use after: 277.7 MB.

Unloading 85 unused Assets to reduce memory usage. Loaded Objects now: 5690.
Total: 5.107200 ms (FindLiveObjects: 0.505900 ms CreateObjectMapping: 0.288200 ms MarkObjects: 2.350000 ms  DeleteObjects: 1.962200 ms)

========================================================================
Received Prepare
Registering precompiled user dll's ...
Registered in 0.006367 seconds.
Begin MonoManager ReloadAssembly
Symbol file LoadedFromMemory is not a mono symbol file
Native extension for WindowsStandalone target not found
Native extension for WebGL target not found
Refreshing native plugins compatible for Editor in 1.93 ms, found 9 plugins.
Preloading 1 native plugins for Editor in 0.07 ms.
Invoked RoslynAnalysisRunner static constructor.
RoslynAnalysisRunner will not be running.
RoslynAnalysisRunner has terminated.
Mono: successfully reloaded assembly
- Completed reload, in  1.112 seconds
Platform modules already initialized, skipping
Shader 'Oculus/OVRMRCameraFrameLit': fallback shader 'Alpha-Diffuse' not found
Refreshing native plugins compatible for Editor in 2.44 ms, found 9 plugins.
Preloading 1 native plugins for Editor in 0.09 ms.
Unloading 4829 Unused Serialized files (Serialized files now loaded: 0)
System memory in use before: 279.4 MB.
System memory in use after: 277.5 MB.

Unloading 85 unused Assets to reduce memory usage. Loaded Objects now: 5693.
Total: 6.805400 ms (FindLiveObjects: 0.843400 ms CreateObjectMapping: 0.507900 ms MarkObjects: 2.891500 ms  DeleteObjects: 2.561700 ms)

========================================================================
Received Import Request.
  Time since last request: 1498.022872 seconds.
  path: Assets/__Scenes/Pershing Island/Room_PershingIsland.unity
  artifactKey: Guid(a7d95ffcaffd755448932631dbed5364) Importer(815301076,1909f56bfc062723c751e8b465ee728b)
Start importing Assets/__Scenes/Pershing Island/Room_PershingIsland.unity using Guid(a7d95ffcaffd755448932631dbed5364) Importer(815301076,1909f56bfc062723c751e8b465ee728b)  -> (artifact id: '7254dea9f22feb8fc82df91321095b09') in 0.017214 seconds
  Import took 0.026386 seconds .

========================================================================
Received Prepare
Registering precompiled user dll's ...
Registered in 0.005515 seconds.
Begin MonoManager ReloadAssembly
Symbol file LoadedFromMemory is not a mono symbol file
Native extension for WindowsStandalone target not found
Native extension for WebGL target not found
Refreshing native plugins compatible for Editor in 1.79 ms, found 9 plugins.
Preloading 1 native plugins for Editor in 0.07 ms.
Invoked RoslynAnalysisRunner static constructor.
RoslynAnalysisRunner will not be running.
RoslynAnalysisRunner has terminated.
Mono: successfully reloaded assembly
- Completed reload, in  0.987 seconds
Platform modules already initialized, skipping
Shader 'Oculus/OVRMRCameraFrameLit': fallback shader 'Alpha-Diffuse' not found
Refreshing native plugins compatible for Editor in 2.06 ms, found 9 plugins.
Preloading 1 native plugins for Editor in 0.06 ms.
Unloading 4829 Unused Serialized files (Serialized files now loaded: 0)
System memory in use before: 279.6 MB.
System memory in use after: 277.7 MB.

Unloading 85 unused Assets to reduce memory usage. Loaded Objects now: 5696.
Total: 8.449200 ms (FindLiveObjects: 1.177600 ms CreateObjectMapping: 0.449100 ms MarkObjects: 3.754100 ms  DeleteObjects: 3.067100 ms)

========================================================================
Received Prepare
Registering precompiled user dll's ...
Registered in 0.006132 seconds.
Begin MonoManager ReloadAssembly
Symbol file LoadedFromMemory is not a mono symbol file
Native extension for WindowsStandalone target not found
Native extension for WebGL target not found
Refreshing native plugins compatible for Editor in 1.97 ms, found 9 plugins.
Preloading 1 native plugins for Editor in 0.10 ms.
Invoked RoslynAnalysisRunner static constructor.
RoslynAnalysisRunner will not be running.
RoslynAnalysisRunner has terminated.
Mono: successfully reloaded assembly
- Completed reload, in  1.070 seconds
Platform modules already initialized, skipping
Shader 'Oculus/OVRMRCameraFrameLit': fallback shader 'Alpha-Diffuse' not found
Refreshing native plugins compatible for Editor in 1.82 ms, found 9 plugins.
Preloading 1 native plugins for Editor in 0.06 ms.
Unloading 4829 Unused Serialized files (Serialized files now loaded: 0)
System memory in use before: 279.6 MB.
System memory in use after: 277.7 MB.

Unloading 85 unused Assets to reduce memory usage. Loaded Objects now: 5699.
Total: 7.269200 ms (FindLiveObjects: 0.754100 ms CreateObjectMapping: 0.387900 ms MarkObjects: 3.717700 ms  DeleteObjects: 2.408100 ms)

========================================================================
Received Import Request.
  Time since last request: 1258.820778 seconds.
  path: Assets/__Scenes/Pershing Ocean/Room_PershingOcean.unity
  artifactKey: Guid(8d9eb33677508e9488302e3fcb8218e7) Importer(815301076,1909f56bfc062723c751e8b465ee728b)
Start importing Assets/__Scenes/Pershing Ocean/Room_PershingOcean.unity using Guid(8d9eb33677508e9488302e3fcb8218e7) Importer(815301076,1909f56bfc062723c751e8b465ee728b)  -> (artifact id: '49bb5ea4fd9fe61761257e4d69d8331d') in 0.018735 seconds
  Import took 0.026793 seconds .

========================================================================
Received Prepare
Registering precompiled user dll's ...
Registered in 0.006233 seconds.
Begin MonoManager ReloadAssembly
Symbol file LoadedFromMemory is not a mono symbol file
Native extension for WindowsStandalone target not found
Native extension for WebGL target not found
Refreshing native plugins compatible for Editor in 1.95 ms, found 9 plugins.
Preloading 1 native plugins for Editor in 0.09 ms.
Invoked RoslynAnalysisRunner static constructor.
RoslynAnalysisRunner will not be running.
RoslynAnalysisRunner has terminated.
Mono: successfully reloaded assembly
- Completed reload, in  1.089 seconds
Platform modules already initialized, skipping
Shader 'Oculus/OVRMRCameraFrameLit': fallback shader 'Alpha-Diffuse' not found
Refreshing native plugins compatible for Editor in 2.04 ms, found 9 plugins.
Preloading 1 native plugins for Editor in 0.09 ms.
Unloading 4829 Unused Serialized files (Serialized files now loaded: 0)
System memory in use before: 279.6 MB.
System memory in use after: 277.7 MB.

Unloading 85 unused Assets to reduce memory usage. Loaded Objects now: 5702.
Total: 6.548700 ms (FindLiveObjects: 0.769200 ms CreateObjectMapping: 0.516200 ms MarkObjects: 2.985400 ms  DeleteObjects: 2.276600 ms)

========================================================================
Received Import Request.
  Time since last request: 641.271052 seconds.
  path: Assets/__Scenes/Pershing Ocean/Room_PershingOcean.unity
  artifactKey: Guid(8d9eb33677508e9488302e3fcb8218e7) Importer(815301076,1909f56bfc062723c751e8b465ee728b)
Start importing Assets/__Scenes/Pershing Ocean/Room_PershingOcean.unity using Guid(8d9eb33677508e9488302e3fcb8218e7) Importer(815301076,1909f56bfc062723c751e8b465ee728b)  -> (artifact id: '0d7cfe4eb5ef6de22df8e0f2701027db') in 0.016882 seconds
  Import took 0.026293 seconds .

========================================================================
Received Prepare
Registering precompiled user dll's ...
Registered in 0.007591 seconds.
Begin MonoManager ReloadAssembly
Symbol file LoadedFromMemory is not a mono symbol file
Native extension for WindowsStandalone target not found
Native extension for WebGL target not found
Refreshing native plugins compatible for Editor in 1.97 ms, found 9 plugins.
Preloading 1 native plugins for Editor in 0.10 ms.
Invoked RoslynAnalysisRunner static constructor.
RoslynAnalysisRunner will not be running.
RoslynAnalysisRunner has terminated.
Mono: successfully reloaded assembly
- Completed reload, in  1.236 seconds
Platform modules already initialized, skipping
Shader 'Oculus/OVRMRCameraFrameLit': fallback shader 'Alpha-Diffuse' not found
Refreshing native plugins compatible for Editor in 2.50 ms, found 9 plugins.
Preloading 1 native plugins for Editor in 0.15 ms.
Unloading 4829 Unused Serialized files (Serialized files now loaded: 0)
System memory in use before: 279.6 MB.
System memory in use after: 277.7 MB.

Unloading 85 unused Assets to reduce memory usage. Loaded Objects now: 5705.
Total: 8.080600 ms (FindLiveObjects: 0.774300 ms CreateObjectMapping: 0.754600 ms MarkObjects: 3.473500 ms  DeleteObjects: 3.076400 ms)

========================================================================
Received Prepare
Registering precompiled user dll's ...
Registered in 0.006529 seconds.
Begin MonoManager ReloadAssembly
Symbol file LoadedFromMemory is not a mono symbol file
Native extension for WindowsStandalone target not found
Native extension for WebGL target not found
Refreshing native plugins compatible for Editor in 1.92 ms, found 9 plugins.
Preloading 1 native plugins for Editor in 0.09 ms.
Invoked RoslynAnalysisRunner static constructor.
RoslynAnalysisRunner will not be running.
RoslynAnalysisRunner has terminated.
Mono: successfully reloaded assembly
- Completed reload, in  1.079 seconds
Platform modules already initialized, skipping
Shader 'Oculus/OVRMRCameraFrameLit': fallback shader 'Alpha-Diffuse' not found
Refreshing native plugins compatible for Editor in 1.80 ms, found 9 plugins.
Preloading 1 native plugins for Editor in 0.07 ms.
Unloading 4829 Unused Serialized files (Serialized files now loaded: 0)
System memory in use before: 279.4 MB.
System memory in use after: 277.6 MB.

Unloading 85 unused Assets to reduce memory usage. Loaded Objects now: 5708.
Total: 6.168300 ms (FindLiveObjects: 0.520100 ms CreateObjectMapping: 0.323600 ms MarkObjects: 3.051600 ms  DeleteObjects: 2.271800 ms)

========================================================================
Received Prepare
Registering precompiled user dll's ...
Registered in 0.007833 seconds.
Begin MonoManager ReloadAssembly
Symbol file LoadedFromMemory is not a mono symbol file
Native extension for WindowsStandalone target not found
Native extension for WebGL target not found
Refreshing native plugins compatible for Editor in 1.87 ms, found 9 plugins.
Preloading 1 native plugins for Editor in 0.09 ms.
Invoked RoslynAnalysisRunner static constructor.
RoslynAnalysisRunner will not be running.
RoslynAnalysisRunner has terminated.
Mono: successfully reloaded assembly
- Completed reload, in  1.191 seconds
Platform modules already initialized, skipping
Shader 'Oculus/OVRMRCameraFrameLit': fallback shader 'Alpha-Diffuse' not found
Refreshing native plugins compatible for Editor in 2.00 ms, found 9 plugins.
Preloading 1 native plugins for Editor in 0.08 ms.
Unloading 4829 Unused Serialized files (Serialized files now loaded: 0)
System memory in use before: 279.6 MB.
System memory in use after: 277.8 MB.

Unloading 85 unused Assets to reduce memory usage. Loaded Objects now: 5711.
Total: 6.265600 ms (FindLiveObjects: 0.518500 ms CreateObjectMapping: 0.350000 ms MarkObjects: 3.165700 ms  DeleteObjects: 2.230200 ms)

========================================================================
Received Prepare
Registering precompiled user dll's ...
Registered in 0.005927 seconds.
Begin MonoManager ReloadAssembly
Symbol file LoadedFromMemory is not a mono symbol file
Native extension for WindowsStandalone target not found
Native extension for WebGL target not found
Refreshing native plugins compatible for Editor in 1.96 ms, found 9 plugins.
Preloading 1 native plugins for Editor in 0.10 ms.
Invoked RoslynAnalysisRunner static constructor.
RoslynAnalysisRunner will not be running.
RoslynAnalysisRunner has terminated.
Mono: successfully reloaded assembly
- Completed reload, in  1.093 seconds
Platform modules already initialized, skipping
Shader 'Oculus/OVRMRCameraFrameLit': fallback shader 'Alpha-Diffuse' not found
Refreshing native plugins compatible for Editor in 1.99 ms, found 9 plugins.
Preloading 1 native plugins for Editor in 0.07 ms.
Unloading 4829 Unused Serialized files (Serialized files now loaded: 0)
System memory in use before: 279.6 MB.
System memory in use after: 277.8 MB.

Unloading 85 unused Assets to reduce memory usage. Loaded Objects now: 5714.
Total: 7.444500 ms (FindLiveObjects: 0.697100 ms CreateObjectMapping: 0.418200 ms MarkObjects: 3.943700 ms  DeleteObjects: 2.383900 ms)

AssetImportWorkerClient::OnTransportError - code=2 error=End of file
